<?xml version="1.0" encoding="UTF-8"?>
<!-- Generated by org.testng.reporters.JUnitXMLReporter -->
<testsuite ignored="2" hostname="Dark-Pheonix" failures="0" tests="2" name="Test" time="0.062" errors="0" timestamp="2023-09-22T08:57:20 IST">
  <testcase classname="TestNg_Groups.Sample1" name="sam2" time="0.011"/>
  <testcase classname="TestNg_Groups.Sample2" name="sam2_1" time="0.003"/>
  <testcase classname="TestNg_Groups.Sample2" name="sam2_2" time="0.0">
    <ignored/>
  </testcase> <!-- sam2_2 -->
  <testcase classname="TestNg_Groups.Sample1" name="sam1" time="0.0">
    <ignored/>
  </testcase> <!-- sam1 -->
</testsuite> <!-- Test -->
